[2016-07-24 20:40:39,368][WARN ][bootstrap                ] jvm uses the client vm, make sure to run `java` with the server vm for best performance by adding `-server` to the command line
[2016-07-24 20:40:40,388][INFO ][node                     ] [My First Node] version[2.3.2], pid[5720], build[b9e4a6a/2016-04-21T16:03:47Z]
[2016-07-24 20:40:40,388][INFO ][node                     ] [My First Node] initializing ...
[2016-07-24 20:40:41,911][INFO ][plugins                  ] [My First Node] modules [reindex, lang-expression, lang-groovy], plugins [], sites []
[2016-07-24 20:40:42,084][INFO ][env                      ] [My First Node] using [1] data paths, mounts [[(D:)]], net usable_space [12.5gb], net total_space [97.4gb], spins? [unknown], types [NTFS]
[2016-07-24 20:40:42,084][INFO ][env                      ] [My First Node] heap size [989.8mb], compressed ordinary object pointers [unknown]
[2016-07-24 20:40:50,051][INFO ][node                     ] [My First Node] initialized
[2016-07-24 20:40:50,051][INFO ][node                     ] [My First Node] starting ...
[2016-07-24 20:40:50,666][INFO ][transport                ] [My First Node] publish_address {127.0.0.1:9300}, bound_addresses {127.0.0.1:9300}, {[::1]:9300}
[2016-07-24 20:40:50,689][INFO ][discovery                ] [My First Node] elasctic/NQciIca4RRWis4b4Mr1taA
[2016-07-24 20:40:54,813][INFO ][cluster.service          ] [My First Node] new_master {My First Node}{NQciIca4RRWis4b4Mr1taA}{127.0.0.1}{127.0.0.1:9300}, reason: zen-disco-join(elected_as_master, [0] joins received)
[2016-07-24 20:40:55,036][INFO ][http                     ] [My First Node] publish_address {127.0.0.1:9200}, bound_addresses {127.0.0.1:9200}, {[::1]:9200}
[2016-07-24 20:40:55,036][INFO ][node                     ] [My First Node] started
[2016-07-24 20:40:55,151][INFO ][gateway                  ] [My First Node] recovered [3] indices into cluster_state
[2016-07-24 20:40:57,676][INFO ][cluster.routing.allocation] [My First Node] Cluster health status changed from [RED] to [YELLOW] (reason: [shards started [[index][3]] ...]).
[2016-07-24 20:41:24,850][INFO ][cluster.routing.allocation.decider] [My First Node] low disk watermark [85%] exceeded on [NQciIca4RRWis4b4Mr1taA][My First Node][D:\OpenServer\domains\Elasticsearch\elasticsearch-2.3.2\data\elasctic\nodes\0] free: 12.5gb[12.8%], replicas will not be assigned to this node
[2016-07-24 20:41:54,878][INFO ][cluster.routing.allocation.decider] [My First Node] low disk watermark [85%] exceeded on [NQciIca4RRWis4b4Mr1taA][My First Node][D:\OpenServer\domains\Elasticsearch\elasticsearch-2.3.2\data\elasctic\nodes\0] free: 12.5gb[12.8%], replicas will not be assigned to this node
[2016-07-24 20:42:24,917][INFO ][cluster.routing.allocation.decider] [My First Node] low disk watermark [85%] exceeded on [NQciIca4RRWis4b4Mr1taA][My First Node][D:\OpenServer\domains\Elasticsearch\elasticsearch-2.3.2\data\elasctic\nodes\0] free: 12.5gb[12.8%], replicas will not be assigned to this node
[2016-07-24 20:42:54,959][INFO ][cluster.routing.allocation.decider] [My First Node] low disk watermark [85%] exceeded on [NQciIca4RRWis4b4Mr1taA][My First Node][D:\OpenServer\domains\Elasticsearch\elasticsearch-2.3.2\data\elasctic\nodes\0] free: 12.5gb[12.8%], replicas will not be assigned to this node
[2016-07-24 20:43:24,981][INFO ][cluster.routing.allocation.decider] [My First Node] low disk watermark [85%] exceeded on [NQciIca4RRWis4b4Mr1taA][My First Node][D:\OpenServer\domains\Elasticsearch\elasticsearch-2.3.2\data\elasctic\nodes\0] free: 12.5gb[12.8%], replicas will not be assigned to this node
[2016-07-24 20:43:55,004][INFO ][cluster.routing.allocation.decider] [My First Node] low disk watermark [85%] exceeded on [NQciIca4RRWis4b4Mr1taA][My First Node][D:\OpenServer\domains\Elasticsearch\elasticsearch-2.3.2\data\elasctic\nodes\0] free: 12.4gb[12.8%], replicas will not be assigned to this node
[2016-07-24 20:44:25,027][INFO ][cluster.routing.allocation.decider] [My First Node] low disk watermark [85%] exceeded on [NQciIca4RRWis4b4Mr1taA][My First Node][D:\OpenServer\domains\Elasticsearch\elasticsearch-2.3.2\data\elasctic\nodes\0] free: 12.4gb[12.8%], replicas will not be assigned to this node
[2016-07-24 20:44:55,050][INFO ][cluster.routing.allocation.decider] [My First Node] low disk watermark [85%] exceeded on [NQciIca4RRWis4b4Mr1taA][My First Node][D:\OpenServer\domains\Elasticsearch\elasticsearch-2.3.2\data\elasctic\nodes\0] free: 12.4gb[12.8%], replicas will not be assigned to this node
[2016-07-24 20:45:25,073][INFO ][cluster.routing.allocation.decider] [My First Node] low disk watermark [85%] exceeded on [NQciIca4RRWis4b4Mr1taA][My First Node][D:\OpenServer\domains\Elasticsearch\elasticsearch-2.3.2\data\elasctic\nodes\0] free: 12.4gb[12.8%], replicas will not be assigned to this node
[2016-07-24 20:45:55,092][INFO ][cluster.routing.allocation.decider] [My First Node] low disk watermark [85%] exceeded on [NQciIca4RRWis4b4Mr1taA][My First Node][D:\OpenServer\domains\Elasticsearch\elasticsearch-2.3.2\data\elasctic\nodes\0] free: 12.4gb[12.8%], replicas will not be assigned to this node
[2016-07-24 20:46:25,114][INFO ][cluster.routing.allocation.decider] [My First Node] low disk watermark [85%] exceeded on [NQciIca4RRWis4b4Mr1taA][My First Node][D:\OpenServer\domains\Elasticsearch\elasticsearch-2.3.2\data\elasctic\nodes\0] free: 12.4gb[12.8%], replicas will not be assigned to this node
[2016-07-24 20:46:55,140][INFO ][cluster.routing.allocation.decider] [My First Node] low disk watermark [85%] exceeded on [NQciIca4RRWis4b4Mr1taA][My First Node][D:\OpenServer\domains\Elasticsearch\elasticsearch-2.3.2\data\elasctic\nodes\0] free: 12.4gb[12.8%], replicas will not be assigned to this node
[2016-07-24 20:47:25,163][INFO ][cluster.routing.allocation.decider] [My First Node] low disk watermark [85%] exceeded on [NQciIca4RRWis4b4Mr1taA][My First Node][D:\OpenServer\domains\Elasticsearch\elasticsearch-2.3.2\data\elasctic\nodes\0] free: 12.4gb[12.8%], replicas will not be assigned to this node
[2016-07-24 20:47:55,186][INFO ][cluster.routing.allocation.decider] [My First Node] low disk watermark [85%] exceeded on [NQciIca4RRWis4b4Mr1taA][My First Node][D:\OpenServer\domains\Elasticsearch\elasticsearch-2.3.2\data\elasctic\nodes\0] free: 12.4gb[12.8%], replicas will not be assigned to this node
[2016-07-24 20:48:25,209][INFO ][cluster.routing.allocation.decider] [My First Node] low disk watermark [85%] exceeded on [NQciIca4RRWis4b4Mr1taA][My First Node][D:\OpenServer\domains\Elasticsearch\elasticsearch-2.3.2\data\elasctic\nodes\0] free: 12.4gb[12.8%], replicas will not be assigned to this node
[2016-07-24 20:48:55,231][INFO ][cluster.routing.allocation.decider] [My First Node] low disk watermark [85%] exceeded on [NQciIca4RRWis4b4Mr1taA][My First Node][D:\OpenServer\domains\Elasticsearch\elasticsearch-2.3.2\data\elasctic\nodes\0] free: 12.4gb[12.8%], replicas will not be assigned to this node
[2016-07-24 20:49:25,253][INFO ][cluster.routing.allocation.decider] [My First Node] low disk watermark [85%] exceeded on [NQciIca4RRWis4b4Mr1taA][My First Node][D:\OpenServer\domains\Elasticsearch\elasticsearch-2.3.2\data\elasctic\nodes\0] free: 12.4gb[12.8%], replicas will not be assigned to this node
[2016-07-24 20:49:55,276][INFO ][cluster.routing.allocation.decider] [My First Node] low disk watermark [85%] exceeded on [NQciIca4RRWis4b4Mr1taA][My First Node][D:\OpenServer\domains\Elasticsearch\elasticsearch-2.3.2\data\elasctic\nodes\0] free: 12.4gb[12.8%], replicas will not be assigned to this node
[2016-07-24 20:50:25,297][INFO ][cluster.routing.allocation.decider] [My First Node] low disk watermark [85%] exceeded on [NQciIca4RRWis4b4Mr1taA][My First Node][D:\OpenServer\domains\Elasticsearch\elasticsearch-2.3.2\data\elasctic\nodes\0] free: 12.4gb[12.8%], replicas will not be assigned to this node
[2016-07-24 20:50:55,321][INFO ][cluster.routing.allocation.decider] [My First Node] low disk watermark [85%] exceeded on [NQciIca4RRWis4b4Mr1taA][My First Node][D:\OpenServer\domains\Elasticsearch\elasticsearch-2.3.2\data\elasctic\nodes\0] free: 12.4gb[12.8%], replicas will not be assigned to this node
[2016-07-24 20:51:25,357][INFO ][cluster.routing.allocation.decider] [My First Node] low disk watermark [85%] exceeded on [NQciIca4RRWis4b4Mr1taA][My First Node][D:\OpenServer\domains\Elasticsearch\elasticsearch-2.3.2\data\elasctic\nodes\0] free: 12.4gb[12.8%], replicas will not be assigned to this node
